2024-06-26 09:31:53,122 - custom_logger - INFO - Custom logger module initialized.
2024-06-26 09:31:54,295 - custom_logger - INFO - Parent folder: C:\Users\lenov\OneDrive\Documents\wine_quality
2024-06-26 09:31:54,295 - custom_logger - INFO - >>>>> stage Data Ingestion stage started <<<<<
2024-06-26 09:31:54,295 - custom_logger - INFO - yaml file: src\config.yaml loaded successfully
2024-06-26 09:31:54,295 - custom_logger - INFO - yaml file: src\models\params.yaml loaded successfully
2024-06-26 09:31:54,295 - custom_logger - INFO - yaml file: src\data\schema.yaml loaded successfully
2024-06-26 09:31:54,295 - custom_logger - INFO - created directory at: data/raw
2024-06-26 09:31:56,442 - custom_logger - INFO - data/raw/data.zip download! With following info: 
Connection: close
Content-Length: 23329
Cache-Control: max-age=300
Content-Security-Policy: default-src 'none'; style-src 'unsafe-inline'; sandbox
Content-Type: application/zip
ETag: "c69888a4ae59bc5a893392785a938ccd4937981c06ba8a9d6a21aa52b4ab5b6e"
Strict-Transport-Security: max-age=31536000
X-Content-Type-Options: nosniff
X-Frame-Options: deny
X-XSS-Protection: 1; mode=block
X-GitHub-Request-Id: 5134:2EE21C:D011BD:DAFD95:667BC3E9
Accept-Ranges: bytes
Date: Wed, 26 Jun 2024 07:31:54 GMT
Via: 1.1 varnish
X-Served-By: cache-par-lfpg1960055-PAR
X-Cache: MISS
X-Cache-Hits: 0
X-Timer: S1719387114.012083,VS0,VE165
Vary: Authorization,Accept-Encoding,Origin
Access-Control-Allow-Origin: *
Cross-Origin-Resource-Policy: cross-origin
X-Fastly-Request-ID: c9a5fdc338ec98b0ec193099bd8d01516b7bcd4e
Expires: Wed, 26 Jun 2024 07:36:54 GMT
Source-Age: 0


2024-06-26 09:31:56,448 - custom_logger - INFO - >>>>> stage Data Ingestion stage completed <<<<<

x=======x
2024-06-26 09:34:08,972 - custom_logger - INFO - Custom logger module initialized.
2024-06-26 09:34:09,563 - custom_logger - INFO - Parent folder: C:\Users\lenov\OneDrive\Documents\wine_quality
2024-06-26 09:34:09,563 - custom_logger - INFO - >>>>> stage Data Ingestion stage started <<<<<
2024-06-26 09:34:09,563 - custom_logger - INFO - yaml file: src\config.yaml loaded successfully
2024-06-26 09:34:09,563 - custom_logger - INFO - yaml file: src\models\params.yaml loaded successfully
2024-06-26 09:34:09,572 - custom_logger - INFO - yaml file: src\data\schema.yaml loaded successfully
2024-06-26 09:34:09,572 - custom_logger - INFO - created directory at: data/raw
2024-06-26 09:34:09,572 - custom_logger - INFO - File already exists.
2024-06-26 09:34:09,578 - custom_logger - INFO - >>>>> stage Data Ingestion stage completed <<<<<

x=======x
2024-06-26 15:03:40,827 - custom_logger - INFO - Custom logger module initialized.
2024-06-26 15:04:37,163 - custom_logger - INFO - yaml file: src\config.yaml loaded successfully
2024-06-26 15:04:37,164 - custom_logger - INFO - yaml file: src\models\params.yaml loaded successfully
2024-06-26 15:04:37,166 - custom_logger - INFO - yaml file: src\data\schema.yaml loaded successfully
2024-06-26 15:04:37,167 - custom_logger - INFO - created directory at: data/raw
2024-06-26 15:05:33,678 - custom_logger - INFO - yaml file: src\config.yaml loaded successfully
2024-06-26 15:05:33,679 - custom_logger - INFO - yaml file: src\models\params.yaml loaded successfully
2024-06-26 15:05:33,681 - custom_logger - INFO - yaml file: src\data\schema.yaml loaded successfully
2024-06-26 15:05:33,683 - custom_logger - INFO - created directory at: data/raw
2024-06-26 15:05:33,683 - custom_logger - INFO - File already exists.
2024-07-10 11:58:39,376 - custom_logger - INFO - Custom logger module initialized.
2024-07-10 12:01:05,892 - custom_logger - INFO - yaml file: src\config.yaml loaded successfully
2024-07-10 12:02:09,171 - custom_logger - INFO - yaml file: src\config.yaml loaded successfully
2024-07-10 12:02:22,347 - custom_logger - INFO - yaml file: src\config.yaml loaded successfully
2024-07-10 12:54:12,228 - custom_logger - INFO - Custom logger module initialized.
2024-07-10 12:58:13,889 - custom_logger - INFO - yaml file: src\config.yaml loaded successfully
2024-07-10 12:58:13,889 - custom_logger - INFO - yaml file: src\models_module_def\params.yaml loaded successfully
2024-07-10 12:58:13,898 - custom_logger - INFO - yaml file: src\data_module_def\schema.yaml loaded successfully
2024-07-10 12:58:13,898 - custom_logger - INFO - created directory at: data/raw
2024-07-10 12:58:15,670 - custom_logger - INFO - data/raw/data.zip download! With following info: 
Connection: close
Content-Length: 23329
Cache-Control: max-age=300
Content-Security-Policy: default-src 'none'; style-src 'unsafe-inline'; sandbox
Content-Type: application/zip
ETag: "c69888a4ae59bc5a893392785a938ccd4937981c06ba8a9d6a21aa52b4ab5b6e"
Strict-Transport-Security: max-age=31536000
X-Content-Type-Options: nosniff
X-Frame-Options: deny
X-XSS-Protection: 1; mode=block
X-GitHub-Request-Id: 7739:34F6FA:2B8DD72:2DDA3A6:668E6947
Accept-Ranges: bytes
Date: Wed, 10 Jul 2024 10:58:15 GMT
Via: 1.1 varnish
X-Served-By: cache-par-lfpg1960094-PAR
X-Cache: MISS
X-Cache-Hits: 0
X-Timer: S1720609096.612567,VS0,VE169
Vary: Authorization,Accept-Encoding,Origin
Access-Control-Allow-Origin: *
Cross-Origin-Resource-Policy: cross-origin
X-Fastly-Request-ID: 845389e56141ea0e720ec43cc7cd4b6bf94135d4
Expires: Wed, 10 Jul 2024 11:03:15 GMT
Source-Age: 0


2024-07-10 12:59:14,888 - custom_logger - INFO - yaml file: src\config.yaml loaded successfully
2024-07-10 12:59:14,901 - custom_logger - INFO - yaml file: src\models_module_def\params.yaml loaded successfully
2024-07-10 12:59:14,905 - custom_logger - INFO - yaml file: src\data_module_def\schema.yaml loaded successfully
2024-07-10 12:59:14,919 - custom_logger - INFO - created directory at: data
2024-07-10 12:59:46,179 - custom_logger - INFO - yaml file: src\config.yaml loaded successfully
2024-07-10 12:59:46,179 - custom_logger - INFO - yaml file: src\models_module_def\params.yaml loaded successfully
2024-07-10 12:59:46,179 - custom_logger - INFO - yaml file: src\data_module_def\schema.yaml loaded successfully
2024-07-10 12:59:46,179 - custom_logger - INFO - created directory at: data/processed
2024-07-10 12:59:46,433 - custom_logger - INFO - Splitted data into training and test sets
2024-07-10 12:59:46,433 - custom_logger - INFO - X_train shape: (1279, 11), y_train shape: (1279,)
2024-07-10 12:59:46,433 - custom_logger - INFO - X_test shape: (320, 11), y_test shape: (320,)
2024-07-10 13:00:48,577 - custom_logger - INFO - yaml file: src\config.yaml loaded successfully
2024-07-10 13:00:48,577 - custom_logger - INFO - yaml file: src\models_module_def\params.yaml loaded successfully
2024-07-10 13:00:48,577 - custom_logger - INFO - yaml file: src\data_module_def\schema.yaml loaded successfully
2024-07-10 13:00:48,577 - custom_logger - INFO - created directory at: models
2026-02-12 19:21:50,289 - custom_logger - INFO - Custom logger module initialized.
2026-02-12 19:21:50,774 - custom_logger - INFO - Parent folder: /home/wolfi/development/liora-26feb-mlengineer/overview_mlops_wine_quality_student
2026-02-12 19:21:50,774 - custom_logger - INFO - >>>>> stage Data Ingestion stage started <<<<<
2026-02-12 19:21:50,776 - custom_logger - INFO - yaml file: src/config.yaml loaded successfully
2026-02-12 19:21:50,776 - custom_logger - INFO - yaml file: src/models_module_def/params.yaml loaded successfully
2026-02-12 19:21:50,777 - custom_logger - INFO - yaml file: src/data_module_def/schema.yaml loaded successfully
2026-02-12 19:21:50,777 - custom_logger - INFO - created directory at: data/raw
2026-02-12 19:21:51,318 - custom_logger - INFO - data/raw/data.zip download! With following info: 
Connection: close
Content-Length: 23329
Cache-Control: max-age=300
Content-Security-Policy: default-src 'none'; style-src 'unsafe-inline'; sandbox
Content-Type: application/zip
ETag: "c69888a4ae59bc5a893392785a938ccd4937981c06ba8a9d6a21aa52b4ab5b6e"
Strict-Transport-Security: max-age=31536000
X-Content-Type-Options: nosniff
X-Frame-Options: deny
X-XSS-Protection: 1; mode=block
X-GitHub-Request-Id: E8E2:CE8F3:28BFB6:2C19EE:698E1A3F
Accept-Ranges: bytes
Date: Thu, 12 Feb 2026 18:21:51 GMT
Via: 1.1 varnish
X-Served-By: cache-muc13960-MUC
X-Cache: MISS
X-Cache-Hits: 0
X-Timer: S1770920511.166304,VS0,VE130
Vary: Authorization,Accept-Encoding
Access-Control-Allow-Origin: *
Cross-Origin-Resource-Policy: cross-origin
X-Fastly-Request-ID: 37fd5a772426f37cc16cddbe8e1cc047591a9f2a
Expires: Thu, 12 Feb 2026 18:26:51 GMT
Source-Age: 0


2026-02-12 19:21:51,328 - custom_logger - INFO - >>>>> stage Data Ingestion stage completed <<<<<

x=======x
2026-02-13 09:35:28,412 - custom_logger - INFO - Custom logger module initialized.
2026-02-13 09:35:28,890 - custom_logger - INFO - >>>>> stage Data Validation stage started <<<<<
2026-02-13 09:35:28,891 - custom_logger - INFO - yaml file: src/config.yaml loaded successfully
2026-02-13 09:35:28,892 - custom_logger - INFO - yaml file: src/models_module_def/params.yaml loaded successfully
2026-02-13 09:35:28,893 - custom_logger - INFO - yaml file: src/data_module_def/schema.yaml loaded successfully
2026-02-13 09:35:28,893 - custom_logger - INFO - created directory at: data
2026-02-13 09:35:28,899 - custom_logger - INFO - >>>>> stage Data Validation stage completed <<<<<

x=======x
2026-02-13 09:35:29,192 - custom_logger - INFO - Custom logger module initialized.
2026-02-13 09:35:31,398 - custom_logger - INFO - >>>>> stage Data Transformation stage started <<<<<
2026-02-13 09:35:31,400 - custom_logger - INFO - yaml file: src/config.yaml loaded successfully
2026-02-13 09:35:31,400 - custom_logger - INFO - yaml file: src/models_module_def/params.yaml loaded successfully
2026-02-13 09:35:31,401 - custom_logger - INFO - yaml file: src/data_module_def/schema.yaml loaded successfully
2026-02-13 09:35:31,401 - custom_logger - INFO - created directory at: data/processed
2026-02-13 09:35:31,425 - custom_logger - INFO - Splitted data into training and test sets
2026-02-13 09:35:31,425 - custom_logger - INFO - X_train shape: (1279, 11), y_train shape: (1279,)
2026-02-13 09:35:31,425 - custom_logger - INFO - X_test shape: (320, 11), y_test shape: (320,)
2026-02-13 09:35:31,426 - custom_logger - INFO - >>>>> stage Data Transformation stage completed <<<<<

x=======x
2026-02-13 09:35:31,889 - custom_logger - INFO - Custom logger module initialized.
2026-02-13 09:35:32,922 - custom_logger - INFO - >>>>> stage Model trainer stage started <<<<<
2026-02-13 09:35:32,923 - custom_logger - INFO - yaml file: src/config.yaml loaded successfully
2026-02-13 09:35:32,923 - custom_logger - INFO - yaml file: src/models_module_def/params.yaml loaded successfully
2026-02-13 09:35:32,924 - custom_logger - INFO - yaml file: src/data_module_def/schema.yaml loaded successfully
2026-02-13 09:35:32,924 - custom_logger - INFO - created directory at: models
2026-02-13 09:35:32,933 - custom_logger - INFO - >>>>> stage Model trainer stage completed <<<<< 


2026-02-13 09:49:25,470 - custom_logger - INFO - Custom logger module initialized.
2026-02-13 09:49:27,931 - httpx - INFO - HTTP Request: GET https://dagshub.com/api/v1/user "HTTP/1.1 200 OK"
2026-02-13 09:49:27,938 - dagshub - INFO - Accessing as knanw
2026-02-13 09:49:28,546 - httpx - INFO - HTTP Request: GET https://dagshub.com/api/v1/repos/knanw/overview_mlops_wine_quality_student "HTTP/1.1 200 OK"
2026-02-13 09:49:29,176 - httpx - INFO - HTTP Request: GET https://dagshub.com/api/v1/user "HTTP/1.1 200 OK"
2026-02-13 09:49:29,178 - dagshub - INFO - Initialized MLflow to track repo "knanw/overview_mlops_wine_quality_student"
2026-02-13 09:49:29,179 - dagshub - INFO - Repository knanw/overview_mlops_wine_quality_student initialized!
2026-02-13 09:49:29,179 - custom_logger - INFO - >>>>> stage Model evaluation stage started <<<<<
2026-02-13 09:49:29,183 - custom_logger - INFO - yaml file: src/config.yaml loaded successfully
2026-02-13 09:49:29,184 - custom_logger - INFO - yaml file: src/models_module_def/params.yaml loaded successfully
2026-02-13 09:49:29,187 - custom_logger - INFO - yaml file: src/data_module_def/schema.yaml loaded successfully
2026-02-13 09:49:29,188 - custom_logger - INFO - created directory at: metrics
2026-02-13 09:49:29,847 - custom_logger - INFO - json file saved at: metrics/metrics.json
2026-02-13 09:49:55,886 - custom_logger - INFO - >>>>> stage Model evaluation stage completed <<<<< 